<?xml version="1.0" encoding="UTF-8"?>
<!-- Generated by org.testng.reporters.JUnitXMLReporter -->
<testsuite ignored="2" hostname="DESKTOP-8MA3HS2" failures="0" tests="2" name="Test" time="23.982" errors="0" timestamp="2022-01-20T23:44:21 IST">
  <testcase classname="createProduct.CreateProductWithQuickCreateTest" name="createProductWithQuickCreateTest" time="6.003"/>
  <testcase classname="createProduct.CreateProductwithMarketingGroupTest" name="createProductwithMarketingGroup" time="6.061"/>
  <testcase classname="com.crm.comcast.GenericUtility.BaseClass" name="@BeforeSuite configBs" time="0.0">
    <ignored/>
  </testcase> <!-- @BeforeSuite configBs -->
  <testcase classname="com.crm.comcast.GenericUtility.BaseClass" name="@AfterSuite configAs" time="0.0">
    <ignored/>
  </testcase> <!-- @AfterSuite configAs -->
</testsuite> <!-- Test -->
